<?xml version="1.0" encoding="UTF-8"?>
<testng-results skipped="0" failed="1" ignored="4" total="47" passed="42">
  <reporter-output>
  </reporter-output>
  <suite name="EliteCareer AutomationSuite" duration-ms="73270" started-at="2017-04-17T03:32:19Z" finished-at="2017-04-17T03:33:32Z">
    <groups>
    </groups>
    <test name="Regression Test" duration-ms="73270" started-at="2017-04-17T03:32:19Z" finished-at="2017-04-17T03:33:32Z">
      <class name="tests.TestSigninPage">
        <test-method status="PASS" signature="classSetUp()[pri:0, instance:tests.TestSigninPage@5442a311]" name="classSetUp" is-config="true" duration-ms="1677" started-at="2017-04-16T23:33:17Z" finished-at="2017-04-16T23:33:19Z">
          <reporter-output>
          </reporter-output>
        </test-method> <!-- classSetUp -->
        <test-method status="PASS" signature="testWithEmptyEmailAndEmptyPassword()[pri:0, instance:tests.TestSigninPage@5442a311]" name="testWithEmptyEmailAndEmptyPassword" duration-ms="2043" started-at="2017-04-16T23:33:19Z" finished-at="2017-04-16T23:33:21Z">
          <reporter-output>
          </reporter-output>
        </test-method> <!-- testWithEmptyEmailAndEmptyPassword -->
        <test-method status="PASS" signature="testWithEmptyEmailAndValidPassword()[pri:0, instance:tests.TestSigninPage@5442a311]" name="testWithEmptyEmailAndValidPassword" duration-ms="2217" started-at="2017-04-16T23:33:21Z" finished-at="2017-04-16T23:33:23Z">
          <reporter-output>
          </reporter-output>
        </test-method> <!-- testWithEmptyEmailAndValidPassword -->
        <test-method status="PASS" signature="testWithInValidEmailAndValidPassword()[pri:0, instance:tests.TestSigninPage@5442a311]" name="testWithInValidEmailAndValidPassword" duration-ms="1539" started-at="2017-04-16T23:33:23Z" finished-at="2017-04-16T23:33:24Z">
          <reporter-output>
          </reporter-output>
        </test-method> <!-- testWithInValidEmailAndValidPassword -->
        <test-method status="PASS" signature="testWithInvalidEmailAndInValidPassword()[pri:0, instance:tests.TestSigninPage@5442a311]" name="testWithInvalidEmailAndInValidPassword" duration-ms="1095" started-at="2017-04-16T23:33:24Z" finished-at="2017-04-16T23:33:25Z">
          <reporter-output>
          </reporter-output>
        </test-method> <!-- testWithInvalidEmailAndInValidPassword -->
        <test-method status="PASS" signature="testWithValidEmailAndEmptyPassword()[pri:0, instance:tests.TestSigninPage@5442a311]" name="testWithValidEmailAndEmptyPassword" duration-ms="1130" started-at="2017-04-16T23:33:25Z" finished-at="2017-04-16T23:33:27Z">
          <reporter-output>
          </reporter-output>
        </test-method> <!-- testWithValidEmailAndEmptyPassword -->
        <test-method status="PASS" signature="testWithValidEmailAndInValidPassword()[pri:0, instance:tests.TestSigninPage@5442a311]" name="testWithValidEmailAndInValidPassword" duration-ms="1381" started-at="2017-04-16T23:33:27Z" finished-at="2017-04-16T23:33:28Z">
          <reporter-output>
          </reporter-output>
        </test-method> <!-- testWithValidEmailAndInValidPassword -->
        <test-method status="PASS" signature="testWithValidEmailAndValidPassword()[pri:0, instance:tests.TestSigninPage@5442a311]" name="testWithValidEmailAndValidPassword" duration-ms="3124" started-at="2017-04-16T23:33:28Z" finished-at="2017-04-16T23:33:31Z">
          <reporter-output>
          </reporter-output>
        </test-method> <!-- testWithValidEmailAndValidPassword -->
        <test-method status="PASS" signature="classTearDown()[pri:0, instance:tests.TestSigninPage@5442a311]" name="classTearDown" is-config="true" duration-ms="980" started-at="2017-04-16T23:33:31Z" finished-at="2017-04-16T23:33:32Z">
          <reporter-output>
          </reporter-output>
        </test-method> <!-- classTearDown -->
      </class> <!-- tests.TestSigninPage -->
      <class name="tests.TestRegisterPage">
        <test-method status="PASS" signature="classSetUp()[pri:0, instance:tests.TestRegisterPage@53b32d7]" name="classSetUp" is-config="true" duration-ms="601" started-at="2017-04-16T23:32:29Z" finished-at="2017-04-16T23:32:30Z">
          <reporter-output>
          </reporter-output>
        </test-method> <!-- classSetUp -->
        <test-method status="PASS" signature="testConfirmPasswordFieldWithValidPasswordAndDifferentConfirmPassword()[pri:0, instance:tests.TestRegisterPage@53b32d7]" name="testConfirmPasswordFieldWithValidPasswordAndDifferentConfirmPassword" duration-ms="3083" started-at="2017-04-16T23:32:30Z" finished-at="2017-04-16T23:32:33Z">
          <reporter-output>
          </reporter-output>
        </test-method> <!-- testConfirmPasswordFieldWithValidPasswordAndDifferentConfirmPassword -->
        <test-method status="PASS" signature="testConfirmPasswordFieldWithValidPasswordAndSameConfirmPassword()[pri:0, instance:tests.TestRegisterPage@53b32d7]" name="testConfirmPasswordFieldWithValidPasswordAndSameConfirmPassword" duration-ms="1153" started-at="2017-04-16T23:32:33Z" finished-at="2017-04-16T23:32:34Z">
          <reporter-output>
          </reporter-output>
        </test-method> <!-- testConfirmPasswordFieldWithValidPasswordAndSameConfirmPassword -->
        <test-method status="PASS" signature="testDateOfBirthWithEmptyCredential()[pri:0, instance:tests.TestRegisterPage@53b32d7]" name="testDateOfBirthWithEmptyCredential" duration-ms="1672" started-at="2017-04-16T23:32:34Z" finished-at="2017-04-16T23:32:35Z">
          <reporter-output>
          </reporter-output>
        </test-method> <!-- testDateOfBirthWithEmptyCredential -->
        <test-method status="PASS" signature="testDateOfBirthWithFutureDateCredential()[pri:0, instance:tests.TestRegisterPage@53b32d7]" name="testDateOfBirthWithFutureDateCredential" duration-ms="1798" started-at="2017-04-16T23:32:35Z" finished-at="2017-04-16T23:32:37Z">
          <reporter-output>
          </reporter-output>
        </test-method> <!-- testDateOfBirthWithFutureDateCredential -->
        <test-method status="FAIL" signature="testDateOfBirthWithValidCredential()[pri:0, instance:tests.TestRegisterPage@53b32d7]" name="testDateOfBirthWithValidCredential" duration-ms="902" started-at="2017-04-16T23:32:37Z" finished-at="2017-04-16T23:32:38Z">
          <exception class="java.lang.AssertionError">
            <message>
              <![CDATA[expected [*] but found [* Invalid DateOfBirth]]]>
            </message>
            <full-stacktrace>
              <![CDATA[java.lang.AssertionError: expected [*] but found [* Invalid DateOfBirth]
	at org.testng.Assert.fail(Assert.java:93)
	at org.testng.Assert.failNotEquals(Assert.java:512)
	at org.testng.Assert.assertEqualsImpl(Assert.java:134)
	at org.testng.Assert.assertEquals(Assert.java:115)
	at org.testng.Assert.assertEquals(Assert.java:189)
	at org.testng.Assert.assertEquals(Assert.java:199)
	at tests.TestRegisterPage.testDateOfBirthWithValidCredential(TestRegisterPage.java:156)
	at sun.reflect.NativeMethodAccessorImpl.invoke0(Native Method)
	at sun.reflect.NativeMethodAccessorImpl.invoke(NativeMethodAccessorImpl.java:62)
	at sun.reflect.DelegatingMethodAccessorImpl.invoke(DelegatingMethodAccessorImpl.java:43)
	at java.lang.reflect.Method.invoke(Method.java:498)
	at org.testng.internal.MethodInvocationHelper.invokeMethod(MethodInvocationHelper.java:108)
	at org.testng.internal.Invoker.invokeMethod(Invoker.java:661)
	at org.testng.internal.Invoker.invokeTestMethod(Invoker.java:869)
	at org.testng.internal.Invoker.invokeTestMethods(Invoker.java:1193)
	at org.testng.internal.TestMethodWorker.invokeTestMethods(TestMethodWorker.java:126)
	at org.testng.internal.TestMethodWorker.run(TestMethodWorker.java:109)
	at org.testng.TestRunner.privateRun(TestRunner.java:744)
	at org.testng.TestRunner.run(TestRunner.java:602)
	at org.testng.SuiteRunner.runTest(SuiteRunner.java:380)
	at org.testng.SuiteRunner.runSequentially(SuiteRunner.java:375)
	at org.testng.SuiteRunner.privateRun(SuiteRunner.java:340)
	at org.testng.SuiteRunner.run(SuiteRunner.java:289)
	at org.testng.SuiteRunnerWorker.runSuite(SuiteRunnerWorker.java:52)
	at org.testng.SuiteRunnerWorker.run(SuiteRunnerWorker.java:86)
	at org.testng.TestNG.runSuitesSequentially(TestNG.java:1301)
	at org.testng.TestNG.runSuitesLocally(TestNG.java:1226)
	at org.testng.TestNG.runSuites(TestNG.java:1144)
	at org.testng.TestNG.run(TestNG.java:1115)
	at org.testng.remote.AbstractRemoteTestNG.run(AbstractRemoteTestNG.java:126)
	at org.testng.remote.RemoteTestNG.initAndRun(RemoteTestNG.java:152)
	at org.testng.remote.RemoteTestNG.main(RemoteTestNG.java:57)
]]>
            </full-stacktrace>
          </exception> <!-- java.lang.AssertionError -->
          <reporter-output>
          </reporter-output>
        </test-method> <!-- testDateOfBirthWithValidCredential -->
        <test-method status="PASS" signature="testEmailFieldWithEmptyEmail()[pri:0, instance:tests.TestRegisterPage@53b32d7]" name="testEmailFieldWithEmptyEmail" duration-ms="1073" started-at="2017-04-16T23:32:40Z" finished-at="2017-04-16T23:32:41Z">
          <reporter-output>
          </reporter-output>
        </test-method> <!-- testEmailFieldWithEmptyEmail -->
        <test-method status="PASS" signature="testEmailFieldWithInValidEmailId()[pri:0, instance:tests.TestRegisterPage@53b32d7]" name="testEmailFieldWithInValidEmailId" duration-ms="913" started-at="2017-04-16T23:32:41Z" finished-at="2017-04-16T23:32:42Z">
          <reporter-output>
          </reporter-output>
        </test-method> <!-- testEmailFieldWithInValidEmailId -->
        <test-method status="PASS" signature="testEmailFieldWithValidEmailID()[pri:0, instance:tests.TestRegisterPage@53b32d7]" name="testEmailFieldWithValidEmailID" duration-ms="1041" started-at="2017-04-16T23:32:42Z" finished-at="2017-04-16T23:32:43Z">
          <reporter-output>
          </reporter-output>
        </test-method> <!-- testEmailFieldWithValidEmailID -->
        <test-method status="PASS" signature="testFirstNameWithEmptyField()[pri:0, instance:tests.TestRegisterPage@53b32d7]" name="testFirstNameWithEmptyField" duration-ms="872" started-at="2017-04-16T23:32:43Z" finished-at="2017-04-16T23:32:44Z">
          <reporter-output>
          </reporter-output>
        </test-method> <!-- testFirstNameWithEmptyField -->
        <test-method status="PASS" signature="testFirstNameWithNumericData()[pri:0, instance:tests.TestRegisterPage@53b32d7]" name="testFirstNameWithNumericData" duration-ms="1060" started-at="2017-04-16T23:32:44Z" finished-at="2017-04-16T23:32:45Z">
          <reporter-output>
          </reporter-output>
        </test-method> <!-- testFirstNameWithNumericData -->
        <test-method status="PASS" signature="testFirstNameWithOneChar()[pri:0, instance:tests.TestRegisterPage@53b32d7]" name="testFirstNameWithOneChar" duration-ms="1809" started-at="2017-04-16T23:32:45Z" finished-at="2017-04-16T23:32:46Z">
          <reporter-output>
          </reporter-output>
        </test-method> <!-- testFirstNameWithOneChar -->
        <test-method status="PASS" signature="testFirstNameWithThirtyChar()[pri:0, instance:tests.TestRegisterPage@53b32d7]" name="testFirstNameWithThirtyChar" duration-ms="942" started-at="2017-04-16T23:32:46Z" finished-at="2017-04-16T23:32:47Z">
          <reporter-output>
          </reporter-output>
        </test-method> <!-- testFirstNameWithThirtyChar -->
        <test-method status="PASS" signature="testFirstNameWithThirtyOneChar()[pri:0, instance:tests.TestRegisterPage@53b32d7]" name="testFirstNameWithThirtyOneChar" duration-ms="944" started-at="2017-04-16T23:32:47Z" finished-at="2017-04-16T23:32:48Z">
          <reporter-output>
          </reporter-output>
        </test-method> <!-- testFirstNameWithThirtyOneChar -->
        <test-method status="PASS" signature="testFirstNameWithTwoChar()[pri:0, instance:tests.TestRegisterPage@53b32d7]" name="testFirstNameWithTwoChar" duration-ms="877" started-at="2017-04-16T23:32:48Z" finished-at="2017-04-16T23:32:49Z">
          <reporter-output>
          </reporter-output>
        </test-method> <!-- testFirstNameWithTwoChar -->
        <test-method status="PASS" signature="testGenderWithRandomOption()[pri:0, instance:tests.TestRegisterPage@53b32d7]" name="testGenderWithRandomOption" duration-ms="1425" started-at="2017-04-16T23:32:49Z" finished-at="2017-04-16T23:32:51Z">
          <reporter-output>
          </reporter-output>
        </test-method> <!-- testGenderWithRandomOption -->
        <test-method status="PASS" signature="testGenderWithoutSelectedOption()[pri:0, instance:tests.TestRegisterPage@53b32d7]" name="testGenderWithoutSelectedOption" duration-ms="2724" started-at="2017-04-16T23:32:51Z" finished-at="2017-04-16T23:32:53Z">
          <reporter-output>
          </reporter-output>
        </test-method> <!-- testGenderWithoutSelectedOption -->
        <test-method status="PASS" signature="testLastNameWithEmptyField()[pri:0, instance:tests.TestRegisterPage@53b32d7]" name="testLastNameWithEmptyField" duration-ms="1769" started-at="2017-04-16T23:32:53Z" finished-at="2017-04-16T23:32:55Z">
          <reporter-output>
          </reporter-output>
        </test-method> <!-- testLastNameWithEmptyField -->
        <test-method status="PASS" signature="testLastNameWithNumericData()[pri:0, instance:tests.TestRegisterPage@53b32d7]" name="testLastNameWithNumericData" duration-ms="881" started-at="2017-04-16T23:32:55Z" finished-at="2017-04-16T23:32:56Z">
          <reporter-output>
          </reporter-output>
        </test-method> <!-- testLastNameWithNumericData -->
        <test-method status="PASS" signature="testLastNameWithOneChar()[pri:0, instance:tests.TestRegisterPage@53b32d7]" name="testLastNameWithOneChar" duration-ms="910" started-at="2017-04-16T23:32:56Z" finished-at="2017-04-16T23:32:57Z">
          <reporter-output>
          </reporter-output>
        </test-method> <!-- testLastNameWithOneChar -->
        <test-method status="PASS" signature="testLastNameWithThirtyChar()[pri:0, instance:tests.TestRegisterPage@53b32d7]" name="testLastNameWithThirtyChar" duration-ms="1959" started-at="2017-04-16T23:32:57Z" finished-at="2017-04-16T23:32:59Z">
          <reporter-output>
          </reporter-output>
        </test-method> <!-- testLastNameWithThirtyChar -->
        <test-method status="PASS" signature="testLastNameWithThirtyOneChar()[pri:0, instance:tests.TestRegisterPage@53b32d7]" name="testLastNameWithThirtyOneChar" duration-ms="1913" started-at="2017-04-16T23:32:59Z" finished-at="2017-04-16T23:33:01Z">
          <reporter-output>
          </reporter-output>
        </test-method> <!-- testLastNameWithThirtyOneChar -->
        <test-method status="PASS" signature="testLastNameWithTwoChar()[pri:0, instance:tests.TestRegisterPage@53b32d7]" name="testLastNameWithTwoChar" duration-ms="941" started-at="2017-04-16T23:33:01Z" finished-at="2017-04-16T23:33:02Z">
          <reporter-output>
          </reporter-output>
        </test-method> <!-- testLastNameWithTwoChar -->
        <test-method status="PASS" signature="testPasswordFieldWithEmptyPassword()[pri:0, instance:tests.TestRegisterPage@53b32d7]" name="testPasswordFieldWithEmptyPassword" duration-ms="1409" started-at="2017-04-16T23:33:02Z" finished-at="2017-04-16T23:33:03Z">
          <reporter-output>
          </reporter-output>
        </test-method> <!-- testPasswordFieldWithEmptyPassword -->
        <test-method status="PASS" signature="testPasswordFieldWithFiveCharacter()[pri:0, instance:tests.TestRegisterPage@53b32d7]" name="testPasswordFieldWithFiveCharacter" duration-ms="1062" started-at="2017-04-16T23:33:03Z" finished-at="2017-04-16T23:33:04Z">
          <reporter-output>
          </reporter-output>
        </test-method> <!-- testPasswordFieldWithFiveCharacter -->
        <test-method status="PASS" signature="testPasswordFieldWithNumberAndCharacter()[pri:0, instance:tests.TestRegisterPage@53b32d7]" name="testPasswordFieldWithNumberAndCharacter" duration-ms="905" started-at="2017-04-16T23:33:04Z" finished-at="2017-04-16T23:33:05Z">
          <reporter-output>
          </reporter-output>
        </test-method> <!-- testPasswordFieldWithNumberAndCharacter -->
        <test-method status="PASS" signature="testPasswordFieldWithSixCharacter()[pri:0, instance:tests.TestRegisterPage@53b32d7]" name="testPasswordFieldWithSixCharacter" duration-ms="884" started-at="2017-04-16T23:33:05Z" finished-at="2017-04-16T23:33:06Z">
          <reporter-output>
          </reporter-output>
        </test-method> <!-- testPasswordFieldWithSixCharacter -->
        <test-method status="PASS" signature="testPasswordFieldWithTwentyCharacter()[pri:0, instance:tests.TestRegisterPage@53b32d7]" name="testPasswordFieldWithTwentyCharacter" duration-ms="970" started-at="2017-04-16T23:33:06Z" finished-at="2017-04-16T23:33:07Z">
          <reporter-output>
          </reporter-output>
        </test-method> <!-- testPasswordFieldWithTwentyCharacter -->
        <test-method status="PASS" signature="testPasswordFieldWithTwentyOneCharacter()[pri:0, instance:tests.TestRegisterPage@53b32d7]" name="testPasswordFieldWithTwentyOneCharacter" duration-ms="1092" started-at="2017-04-16T23:33:07Z" finished-at="2017-04-16T23:33:08Z">
          <reporter-output>
          </reporter-output>
        </test-method> <!-- testPasswordFieldWithTwentyOneCharacter -->
        <test-method status="PASS" signature="testPhoneNumberWithEmptyDigitNumber()[pri:0, instance:tests.TestRegisterPage@53b32d7]" name="testPhoneNumberWithEmptyDigitNumber" duration-ms="1981" started-at="2017-04-16T23:33:08Z" finished-at="2017-04-16T23:33:10Z">
          <reporter-output>
          </reporter-output>
        </test-method> <!-- testPhoneNumberWithEmptyDigitNumber -->
        <test-method status="PASS" signature="testPhoneNumberWithThirtyDigitNumber()[pri:0, instance:tests.TestRegisterPage@53b32d7]" name="testPhoneNumberWithThirtyDigitNumber" duration-ms="983" started-at="2017-04-16T23:33:10Z" finished-at="2017-04-16T23:33:11Z">
          <reporter-output>
          </reporter-output>
        </test-method> <!-- testPhoneNumberWithThirtyDigitNumber -->
        <test-method status="PASS" signature="testPhoneNumberWithThreeDigitNumber()[pri:0, instance:tests.TestRegisterPage@53b32d7]" name="testPhoneNumberWithThreeDigitNumber" duration-ms="886" started-at="2017-04-16T23:33:11Z" finished-at="2017-04-16T23:33:12Z">
          <reporter-output>
          </reporter-output>
        </test-method> <!-- testPhoneNumberWithThreeDigitNumber -->
        <test-method status="PASS" signature="testPhoneNumberWithTwpDigitNumber()[pri:0, instance:tests.TestRegisterPage@53b32d7]" name="testPhoneNumberWithTwpDigitNumber" duration-ms="910" started-at="2017-04-16T23:33:12Z" finished-at="2017-04-16T23:33:13Z">
          <reporter-output>
          </reporter-output>
        </test-method> <!-- testPhoneNumberWithTwpDigitNumber -->
        <test-method status="PASS" signature="testUserTypeWithRandomOption()[pri:0, instance:tests.TestRegisterPage@53b32d7]" name="testUserTypeWithRandomOption" duration-ms="1153" started-at="2017-04-16T23:33:13Z" finished-at="2017-04-16T23:33:14Z">
          <reporter-output>
          </reporter-output>
        </test-method> <!-- testUserTypeWithRandomOption -->
        <test-method status="PASS" signature="testUserTypeWithoutSelectedOption()[pri:0, instance:tests.TestRegisterPage@53b32d7]" name="testUserTypeWithoutSelectedOption" duration-ms="1888" started-at="2017-04-16T23:33:14Z" finished-at="2017-04-16T23:33:16Z">
          <reporter-output>
          </reporter-output>
        </test-method> <!-- testUserTypeWithoutSelectedOption -->
        <test-method status="PASS" signature="classTearDown()[pri:0, instance:tests.TestRegisterPage@53b32d7]" name="classTearDown" is-config="true" duration-ms="1002" started-at="2017-04-16T23:33:16Z" finished-at="2017-04-16T23:33:17Z">
          <reporter-output>
          </reporter-output>
        </test-method> <!-- classTearDown -->
      </class> <!-- tests.TestRegisterPage -->
      <class name="tests.TestJobSearchPage">
        <test-method status="PASS" signature="setUp()[pri:0, instance:tests.TestJobSearchPage@343f4d3d]" name="setUp" is-config="true" duration-ms="8015" started-at="2017-04-16T23:32:11Z" finished-at="2017-04-16T23:32:19Z">
          <reporter-output>
          </reporter-output>
        </test-method> <!-- setUp -->
        <test-method status="PASS" signature="classSetUp()[pri:0, instance:tests.TestJobSearchPage@343f4d3d]" name="classSetUp" is-config="true" duration-ms="3331" started-at="2017-04-16T23:32:19Z" finished-at="2017-04-16T23:32:22Z">
          <reporter-output>
          </reporter-output>
        </test-method> <!-- classSetUp -->
        <test-method status="PASS" signature="testJobSearchWithRandomlySelectedCategory()[pri:0, instance:tests.TestJobSearchPage@343f4d3d]" name="testJobSearchWithRandomlySelectedCategory" duration-ms="3249" started-at="2017-04-16T23:32:22Z" finished-at="2017-04-16T23:32:26Z">
          <reporter-output>
          </reporter-output>
        </test-method> <!-- testJobSearchWithRandomlySelectedCategory -->
        <test-method status="PASS" signature="classTearDown()[pri:0, instance:tests.TestJobSearchPage@343f4d3d]" name="classTearDown" is-config="true" duration-ms="1336" started-at="2017-04-16T23:32:26Z" finished-at="2017-04-16T23:32:27Z">
          <reporter-output>
          </reporter-output>
        </test-method> <!-- classTearDown -->
        <test-method status="PASS" signature="testJobSearchWithoutSelectionCategory()[pri:0, instance:tests.TestJobSearchPage@343f4d3d]" name="testJobSearchWithoutSelectionCategory" duration-ms="1852" started-at="2017-04-16T23:32:27Z" finished-at="2017-04-16T23:32:29Z">
          <reporter-output>
          </reporter-output>
        </test-method> <!-- testJobSearchWithoutSelectionCategory -->
        <test-method status="PASS" signature="classTearDown()[pri:0, instance:tests.TestJobSearchPage@343f4d3d]" name="classTearDown" is-config="true" duration-ms="69" started-at="2017-04-16T23:32:29Z" finished-at="2017-04-16T23:32:29Z">
          <reporter-output>
          </reporter-output>
        </test-method> <!-- classTearDown -->
        <test-method status="PASS" signature="tearDown()[pri:0, instance:tests.TestJobSearchPage@343f4d3d]" name="tearDown" is-config="true" duration-ms="153" started-at="2017-04-16T23:33:32Z" finished-at="2017-04-16T23:33:33Z">
          <reporter-output>
          </reporter-output>
        </test-method> <!-- tearDown -->
      </class> <!-- tests.TestJobSearchPage -->
    </test> <!-- Regression Test -->
  </suite> <!-- EliteCareer AutomationSuite -->
</testng-results>
