<?xml version="1.0" encoding="UTF-8"?>
<!-- Generated by org.testng.reporters.JUnitReportReporter -->
<testsuite skipped="0" hostname="Muhammads-MacBook-Pro.local" name="tests.TestRegistrationPage" tests="12" failures="1" timestamp="02 Apr 2017 13:46:50 GMT" time="68.510" errors="0">
  <testcase name="testWithLastNameMoreThenUpperBoundary" time="7.882" classname="tests.TestRegistrationPage"/>
  <testcase name="testWithLastNameUpperBoundary" time="4.710" classname="tests.TestRegistrationPage"/>
  <testcase name="testWithFirstNameValidCredential" time="6.047" classname="tests.TestRegistrationPage"/>
  <testcase name="testWithLastNameLessThenLowerBoundary" time="6.760" classname="tests.TestRegistrationPage"/>
  <testcase name="testWithEmptyLastName" time="4.601" classname="tests.TestRegistrationPage"/>
  <testcase name="testWithFirstNameMoreThenUpperBoundary" time="6.244" classname="tests.TestRegistrationPage"/>
  <testcase name="testWithValidLastName" time="3.687" classname="tests.TestRegistrationPage"/>
  <testcase name="testWithFirstNameLowerBoundary" time="5.519" classname="tests.TestRegistrationPage"/>
  <testcase name="testWithFirstNameUpperBoundary" time="7.475" classname="tests.TestRegistrationPage"/>
  <testcase name="testWithLastNameLowerBoundary" time="9.924" classname="tests.TestRegistrationPage"/>
  <testcase name="testWithFirstNameLessThenLowerBoundary" time="2.333" classname="tests.TestRegistrationPage">
    <failure type="java.lang.AssertionError" message="expected [* FirstName can not be less than 2 character.] but found [* FirstName can not be empty.]">
      <![CDATA[java.lang.AssertionError: expected [* FirstName can not be less than 2 character.] but found [* FirstName can not be empty.]
	at org.testng.Assert.fail(Assert.java:93)
	at org.testng.Assert.failNotEquals(Assert.java:512)
	at org.testng.Assert.assertEqualsImpl(Assert.java:134)
	at org.testng.Assert.assertEquals(Assert.java:115)
	at org.testng.Assert.assertEquals(Assert.java:189)
	at org.testng.Assert.assertEquals(Assert.java:199)
	at tests.TestRegistrationPage.testWithFirstNameLessThenLowerBoundary(TestRegistrationPage.java:40)
	at sun.reflect.NativeMethodAccessorImpl.invoke0(Native Method)
	at sun.reflect.NativeMethodAccessorImpl.invoke(NativeMethodAccessorImpl.java:62)
	at sun.reflect.DelegatingMethodAccessorImpl.invoke(DelegatingMethodAccessorImpl.java:43)
	at java.lang.reflect.Method.invoke(Method.java:498)
	at org.testng.internal.MethodInvocationHelper.invokeMethod(MethodInvocationHelper.java:108)
	at org.testng.internal.Invoker.invokeMethod(Invoker.java:661)
	at org.testng.internal.Invoker.invokeTestMethod(Invoker.java:869)
	at org.testng.internal.Invoker.invokeTestMethods(Invoker.java:1193)
	at org.testng.internal.TestMethodWorker.invokeTestMethods(TestMethodWorker.java:126)
	at org.testng.internal.TestMethodWorker.run(TestMethodWorker.java:109)
	at org.testng.TestRunner.privateRun(TestRunner.java:744)
	at org.testng.TestRunner.run(TestRunner.java:602)
	at org.testng.SuiteRunner.runTest(SuiteRunner.java:380)
	at org.testng.SuiteRunner.runSequentially(SuiteRunner.java:375)
	at org.testng.SuiteRunner.privateRun(SuiteRunner.java:340)
	at org.testng.SuiteRunner.run(SuiteRunner.java:289)
	at org.testng.SuiteRunnerWorker.runSuite(SuiteRunnerWorker.java:52)
	at org.testng.SuiteRunnerWorker.run(SuiteRunnerWorker.java:86)
	at org.testng.TestNG.runSuitesSequentially(TestNG.java:1301)
	at org.testng.TestNG.runSuitesLocally(TestNG.java:1226)
	at org.testng.TestNG.runSuites(TestNG.java:1144)
	at org.testng.TestNG.run(TestNG.java:1115)
	at org.testng.remote.AbstractRemoteTestNG.run(AbstractRemoteTestNG.java:126)
	at org.testng.remote.RemoteTestNG.initAndRun(RemoteTestNG.java:152)
	at org.testng.remote.RemoteTestNG.main(RemoteTestNG.java:57)
]]>
    </failure>
  </testcase> <!-- testWithFirstNameLessThenLowerBoundary -->
  <testcase name="testWithFirstNameEmpty" time="3.328" classname="tests.TestRegistrationPage"/>
</testsuite> <!-- tests.TestRegistrationPage -->
