<?xml version="1.0" encoding="UTF-8"?>
<!-- Generated by org.testng.reporters.JUnitReportReporter -->
<testsuite skipped="0" hostname="Muhammads-MBP.domain.actdsltmp" name="tests.TestRegisterPage" tests="34" failures="2" timestamp="04 Apr 2017 22:02:18 GMT" time="43.512" errors="0">
  <testcase name="testFirstNameWithOneChar" time="0.953" classname="tests.TestRegisterPage"/>
  <testcase name="testPasswordFieldWithTwentyOneCharacter" time="0.937" classname="tests.TestRegisterPage"/>
  <testcase name="testGenderWithRandomOption" time="0.978" classname="tests.TestRegisterPage"/>
  <testcase name="testPasswordFieldWithFiveCharacter" time="1.363" classname="tests.TestRegisterPage"/>
  <testcase name="testLastNameWithNumericData" time="0.947" classname="tests.TestRegisterPage"/>
  <testcase name="testDateOfBirthWithInvalidCredential" time="0.056" classname="tests.TestRegisterPage">
    <failure type="java.lang.AssertionError" message="expected [*] but found [* DateOfBirth can not be empty.]">
      <![CDATA[java.lang.AssertionError: expected [*] but found [* DateOfBirth can not be empty.]
	at org.testng.Assert.fail(Assert.java:93)
	at org.testng.Assert.failNotEquals(Assert.java:512)
	at org.testng.Assert.assertEqualsImpl(Assert.java:134)
	at org.testng.Assert.assertEquals(Assert.java:115)
	at org.testng.Assert.assertEquals(Assert.java:189)
	at org.testng.Assert.assertEquals(Assert.java:199)
	at tests.TestRegisterPage.testDateOfBirthWithInvalidCredential(TestRegisterPage.java:198)
	at sun.reflect.NativeMethodAccessorImpl.invoke0(Native Method)
	at sun.reflect.NativeMethodAccessorImpl.invoke(NativeMethodAccessorImpl.java:62)
	at sun.reflect.DelegatingMethodAccessorImpl.invoke(DelegatingMethodAccessorImpl.java:43)
	at java.lang.reflect.Method.invoke(Method.java:498)
	at org.testng.internal.MethodInvocationHelper.invokeMethod(MethodInvocationHelper.java:108)
	at org.testng.internal.Invoker.invokeMethod(Invoker.java:661)
	at org.testng.internal.Invoker.invokeTestMethod(Invoker.java:869)
	at org.testng.internal.Invoker.invokeTestMethods(Invoker.java:1193)
	at org.testng.internal.TestMethodWorker.invokeTestMethods(TestMethodWorker.java:126)
	at org.testng.internal.TestMethodWorker.run(TestMethodWorker.java:109)
	at org.testng.TestRunner.privateRun(TestRunner.java:744)
	at org.testng.TestRunner.run(TestRunner.java:602)
	at org.testng.SuiteRunner.runTest(SuiteRunner.java:380)
	at org.testng.SuiteRunner.runSequentially(SuiteRunner.java:375)
	at org.testng.SuiteRunner.privateRun(SuiteRunner.java:340)
	at org.testng.SuiteRunner.run(SuiteRunner.java:289)
	at org.testng.SuiteRunnerWorker.runSuite(SuiteRunnerWorker.java:52)
	at org.testng.SuiteRunnerWorker.run(SuiteRunnerWorker.java:86)
	at org.testng.TestNG.runSuitesSequentially(TestNG.java:1301)
	at org.testng.TestNG.runSuitesLocally(TestNG.java:1226)
	at org.testng.TestNG.runSuites(TestNG.java:1144)
	at org.testng.TestNG.run(TestNG.java:1115)
	at org.apache.maven.surefire.testng.TestNGExecutor.run(TestNGExecutor.java:295)
	at org.apache.maven.surefire.testng.TestNGXmlTestSuite.execute(TestNGXmlTestSuite.java:84)
	at org.apache.maven.surefire.testng.TestNGProvider.invoke(TestNGProvider.java:90)
	at org.apache.maven.surefire.booter.ForkedBooter.invokeProviderInSameClassLoader(ForkedBooter.java:203)
	at org.apache.maven.surefire.booter.ForkedBooter.runSuitesInProcess(ForkedBooter.java:155)
	at org.apache.maven.surefire.booter.ForkedBooter.main(ForkedBooter.java:103)
]]>
    </failure>
  </testcase> <!-- testDateOfBirthWithInvalidCredential -->
  <testcase name="testConfirmPasswordFieldWithValidPasswordAndSameConfirmPassword" time="2.685" classname="tests.TestRegisterPage"/>
  <testcase name="testPhoneNumberWithEmptyDigitNumber" time="0.880" classname="tests.TestRegisterPage"/>
  <testcase name="testPasswordFieldWithEmptyPassword" time="1.008" classname="tests.TestRegisterPage"/>
  <testcase name="testPhoneNumberWithCharacter" time="0.894" classname="tests.TestRegisterPage"/>
  <testcase name="testUserTypeWithoutSelectedOption" time="1.915" classname="tests.TestRegisterPage"/>
  <testcase name="testFirstNameWithThirtyOneChar" time="1.199" classname="tests.TestRegisterPage"/>
  <testcase name="testLastNameWithEmptyField" time="0.914" classname="tests.TestRegisterPage"/>
  <testcase name="testPasswordFieldWithSixCharacter" time="0.893" classname="tests.TestRegisterPage"/>
  <testcase name="testLastNameWithThirtyChar" time="0.993" classname="tests.TestRegisterPage"/>
  <testcase name="testEmailFieldWithInValidEmailId" time="2.734" classname="tests.TestRegisterPage"/>
  <testcase name="testEmailFieldWithEmptyEmail" time="3.326" classname="tests.TestRegisterPage"/>
  <testcase name="testEmailFieldWithValidEmailID" time="2.312" classname="tests.TestRegisterPage"/>
  <testcase name="testGenderWithoutSelectedOption" time="1.907" classname="tests.TestRegisterPage"/>
  <testcase name="testPasswordFieldWithTwentyCharacter" time="0.927" classname="tests.TestRegisterPage"/>
  <testcase name="testConfirmPasswordFieldWithValidPasswordAndDifferentConfirmPassword" time="2.411" classname="tests.TestRegisterPage"/>
  <testcase name="testPasswordFieldWithNumberAndCharacter" time="0.926" classname="tests.TestRegisterPage"/>
  <testcase name="testPhoneNumberWithOneDigitNumber" time="0.982" classname="tests.TestRegisterPage"/>
  <testcase name="testFirstNameWithThirtyChar" time="0.919" classname="tests.TestRegisterPage"/>
  <testcase name="testFirstNameWithTwoChar" time="1.408" classname="tests.TestRegisterPage"/>
  <testcase name="testLastNameWithThirtyOneChar" time="0.910" classname="tests.TestRegisterPage"/>
  <testcase name="testFirstNameWithNumericData" time="1.085" classname="tests.TestRegisterPage"/>
  <testcase name="testUserTypeWithRandomOption" time="0.983" classname="tests.TestRegisterPage"/>
  <testcase name="testDateOfBirthWithEmptyCredential" time="0.053" classname="tests.TestRegisterPage"/>
  <testcase name="testLastNameWithOneChar" time="0.910" classname="tests.TestRegisterPage"/>
  <testcase name="testPhoneNumberWithValidSixteenDigitNumber" time="1.934" classname="tests.TestRegisterPage"/>
  <testcase name="testLastNameWithTwoChar" time="0.869" classname="tests.TestRegisterPage"/>
  <testcase name="testFirstNameWithEmptyField" time="2.246" classname="tests.TestRegisterPage"/>
  <testcase name="testDateOfBirthWithValidCredential" time="0.055" classname="tests.TestRegisterPage">
    <failure type="java.lang.AssertionError" message="expected [*] but found [* DateOfBirth can not be empty.]">
      <![CDATA[java.lang.AssertionError: expected [*] but found [* DateOfBirth can not be empty.]
	at org.testng.Assert.fail(Assert.java:93)
	at org.testng.Assert.failNotEquals(Assert.java:512)
	at org.testng.Assert.assertEqualsImpl(Assert.java:134)
	at org.testng.Assert.assertEquals(Assert.java:115)
	at org.testng.Assert.assertEquals(Assert.java:189)
	at org.testng.Assert.assertEquals(Assert.java:199)
	at tests.TestRegisterPage.testDateOfBirthWithValidCredential(TestRegisterPage.java:188)
	at sun.reflect.NativeMethodAccessorImpl.invoke0(Native Method)
	at sun.reflect.NativeMethodAccessorImpl.invoke(NativeMethodAccessorImpl.java:62)
	at sun.reflect.DelegatingMethodAccessorImpl.invoke(DelegatingMethodAccessorImpl.java:43)
	at java.lang.reflect.Method.invoke(Method.java:498)
	at org.testng.internal.MethodInvocationHelper.invokeMethod(MethodInvocationHelper.java:108)
	at org.testng.internal.Invoker.invokeMethod(Invoker.java:661)
	at org.testng.internal.Invoker.invokeTestMethod(Invoker.java:869)
	at org.testng.internal.Invoker.invokeTestMethods(Invoker.java:1193)
	at org.testng.internal.TestMethodWorker.invokeTestMethods(TestMethodWorker.java:126)
	at org.testng.internal.TestMethodWorker.run(TestMethodWorker.java:109)
	at org.testng.TestRunner.privateRun(TestRunner.java:744)
	at org.testng.TestRunner.run(TestRunner.java:602)
	at org.testng.SuiteRunner.runTest(SuiteRunner.java:380)
	at org.testng.SuiteRunner.runSequentially(SuiteRunner.java:375)
	at org.testng.SuiteRunner.privateRun(SuiteRunner.java:340)
	at org.testng.SuiteRunner.run(SuiteRunner.java:289)
	at org.testng.SuiteRunnerWorker.runSuite(SuiteRunnerWorker.java:52)
	at org.testng.SuiteRunnerWorker.run(SuiteRunnerWorker.java:86)
	at org.testng.TestNG.runSuitesSequentially(TestNG.java:1301)
	at org.testng.TestNG.runSuitesLocally(TestNG.java:1226)
	at org.testng.TestNG.runSuites(TestNG.java:1144)
	at org.testng.TestNG.run(TestNG.java:1115)
	at org.apache.maven.surefire.testng.TestNGExecutor.run(TestNGExecutor.java:295)
	at org.apache.maven.surefire.testng.TestNGXmlTestSuite.execute(TestNGXmlTestSuite.java:84)
	at org.apache.maven.surefire.testng.TestNGProvider.invoke(TestNGProvider.java:90)
	at org.apache.maven.surefire.booter.ForkedBooter.invokeProviderInSameClassLoader(ForkedBooter.java:203)
	at org.apache.maven.surefire.booter.ForkedBooter.runSuitesInProcess(ForkedBooter.java:155)
	at org.apache.maven.surefire.booter.ForkedBooter.main(ForkedBooter.java:103)
]]>
    </failure>
  </testcase> <!-- testDateOfBirthWithValidCredential -->
</testsuite> <!-- tests.TestRegisterPage -->
