<html>
<head>
<title>TestNG:  Regression Test</title>
<link href="../testng.css" rel="stylesheet" type="text/css" />
<link href="../my-testng.css" rel="stylesheet" type="text/css" />

<style type="text/css">
.log { display: none;} 
.stack-trace { display: none;} 
</style>
<script type="text/javascript">
<!--
function flip(e) {
  current = e.style.display;
  if (current == 'block') {
    e.style.display = 'none';
    return 0;
  }
  else {
    e.style.display = 'block';
    return 1;
  }
}

function toggleBox(szDivId, elem, msg1, msg2)
{
  var res = -1;  if (document.getElementById) {
    res = flip(document.getElementById(szDivId));
  }
  else if (document.all) {
    // this is the way old msie versions work
    res = flip(document.all[szDivId]);
  }
  if(elem) {
    if(res == 0) elem.innerHTML = msg1; else elem.innerHTML = msg2;
  }

}

function toggleAllBoxes() {
  if (document.getElementsByTagName) {
    d = document.getElementsByTagName('div');
    for (i = 0; i < d.length; i++) {
      if (d[i].className == 'log') {
        flip(d[i]);
      }
    }
  }
}

// -->
</script>

</head>
<body>
<h2 align='center'>Regression Test</h2><table border='1' align="center">
<tr>
<td>Tests passed/Failed/Skipped:</td><td>39/2/0</td>
</tr><tr>
<td>Started on:</td><td>Tue Apr 04 18:01:15 EDT 2017</td>
</tr>
<tr><td>Total time:</td><td>62 seconds (62584 ms)</td>
</tr><tr>
<td>Included groups:</td><td></td>
</tr><tr>
<td>Excluded groups:</td><td></td>
</tr>
</table><p/>
<small><i>(Hover the method name to see the test class name)</i></small><p/>
<table width='100%' border='1' class='invocation-failed'>
<tr><td colspan='4' align='center'><b>FAILED TESTS</b></td></tr>
<tr><td><b>Test method</b></td>
<td width="30%"><b>Exception</b></td>
<td width="10%"><b>Time (seconds)</b></td>
<td><b>Instance</b></td>
</tr>
<tr>
<td title='tests.TestRegisterPage.testDateOfBirthWithInvalidCredential()'><b>testDateOfBirthWithInvalidCredential</b><br>Test class: tests.TestRegisterPage</td>
<td><div><pre>java.lang.AssertionError: expected [*] but found [* DateOfBirth can not be empty.]
	at tests.TestRegisterPage.testDateOfBirthWithInvalidCredential(TestRegisterPage.java:198)
... Removed 34 stack frames</pre></div><a href='#' onClick='toggleBox("stack-trace2106165633", this, "Click to show all stack frames", "Click to hide stack frames")'>Click to show all stack frames</a>
<div class='stack-trace' id='stack-trace2106165633'><pre>java.lang.AssertionError: expected [*] but found [* DateOfBirth can not be empty.]
	at org.testng.Assert.fail(Assert.java:93)
	at org.testng.Assert.failNotEquals(Assert.java:512)
	at org.testng.Assert.assertEqualsImpl(Assert.java:134)
	at org.testng.Assert.assertEquals(Assert.java:115)
	at org.testng.Assert.assertEquals(Assert.java:189)
	at org.testng.Assert.assertEquals(Assert.java:199)
	at tests.TestRegisterPage.testDateOfBirthWithInvalidCredential(TestRegisterPage.java:198)
	at sun.reflect.NativeMethodAccessorImpl.invoke0(Native Method)
	at sun.reflect.NativeMethodAccessorImpl.invoke(NativeMethodAccessorImpl.java:62)
	at sun.reflect.DelegatingMethodAccessorImpl.invoke(DelegatingMethodAccessorImpl.java:43)
	at java.lang.reflect.Method.invoke(Method.java:498)
	at org.testng.internal.MethodInvocationHelper.invokeMethod(MethodInvocationHelper.java:108)
	at org.testng.internal.Invoker.invokeMethod(Invoker.java:661)
	at org.testng.internal.Invoker.invokeTestMethod(Invoker.java:869)
	at org.testng.internal.Invoker.invokeTestMethods(Invoker.java:1193)
	at org.testng.internal.TestMethodWorker.invokeTestMethods(TestMethodWorker.java:126)
	at org.testng.internal.TestMethodWorker.run(TestMethodWorker.java:109)
	at org.testng.TestRunner.privateRun(TestRunner.java:744)
	at org.testng.TestRunner.run(TestRunner.java:602)
	at org.testng.SuiteRunner.runTest(SuiteRunner.java:380)
	at org.testng.SuiteRunner.runSequentially(SuiteRunner.java:375)
	at org.testng.SuiteRunner.privateRun(SuiteRunner.java:340)
	at org.testng.SuiteRunner.run(SuiteRunner.java:289)
	at org.testng.SuiteRunnerWorker.runSuite(SuiteRunnerWorker.java:52)
	at org.testng.SuiteRunnerWorker.run(SuiteRunnerWorker.java:86)
	at org.testng.TestNG.runSuitesSequentially(TestNG.java:1301)
	at org.testng.TestNG.runSuitesLocally(TestNG.java:1226)
	at org.testng.TestNG.runSuites(TestNG.java:1144)
	at org.testng.TestNG.run(TestNG.java:1115)
	at org.apache.maven.surefire.testng.TestNGExecutor.run(TestNGExecutor.java:295)
	at org.apache.maven.surefire.testng.TestNGXmlTestSuite.execute(TestNGXmlTestSuite.java:84)
	at org.apache.maven.surefire.testng.TestNGProvider.invoke(TestNGProvider.java:90)
	at org.apache.maven.surefire.booter.ForkedBooter.invokeProviderInSameClassLoader(ForkedBooter.java:203)
	at org.apache.maven.surefire.booter.ForkedBooter.runSuitesInProcess(ForkedBooter.java:155)
	at org.apache.maven.surefire.booter.ForkedBooter.main(ForkedBooter.java:103)
</pre></div></td>
<td>0</td>
<td>tests.TestRegisterPage@6fadae5d</td></tr>
<tr>
<td title='tests.TestRegisterPage.testDateOfBirthWithValidCredential()'><b>testDateOfBirthWithValidCredential</b><br>Test class: tests.TestRegisterPage</td>
<td><div><pre>java.lang.AssertionError: expected [*] but found [* DateOfBirth can not be empty.]
	at tests.TestRegisterPage.testDateOfBirthWithValidCredential(TestRegisterPage.java:188)
... Removed 34 stack frames</pre></div><a href='#' onClick='toggleBox("stack-trace807328355", this, "Click to show all stack frames", "Click to hide stack frames")'>Click to show all stack frames</a>
<div class='stack-trace' id='stack-trace807328355'><pre>java.lang.AssertionError: expected [*] but found [* DateOfBirth can not be empty.]
	at org.testng.Assert.fail(Assert.java:93)
	at org.testng.Assert.failNotEquals(Assert.java:512)
	at org.testng.Assert.assertEqualsImpl(Assert.java:134)
	at org.testng.Assert.assertEquals(Assert.java:115)
	at org.testng.Assert.assertEquals(Assert.java:189)
	at org.testng.Assert.assertEquals(Assert.java:199)
	at tests.TestRegisterPage.testDateOfBirthWithValidCredential(TestRegisterPage.java:188)
	at sun.reflect.NativeMethodAccessorImpl.invoke0(Native Method)
	at sun.reflect.NativeMethodAccessorImpl.invoke(NativeMethodAccessorImpl.java:62)
	at sun.reflect.DelegatingMethodAccessorImpl.invoke(DelegatingMethodAccessorImpl.java:43)
	at java.lang.reflect.Method.invoke(Method.java:498)
	at org.testng.internal.MethodInvocationHelper.invokeMethod(MethodInvocationHelper.java:108)
	at org.testng.internal.Invoker.invokeMethod(Invoker.java:661)
	at org.testng.internal.Invoker.invokeTestMethod(Invoker.java:869)
	at org.testng.internal.Invoker.invokeTestMethods(Invoker.java:1193)
	at org.testng.internal.TestMethodWorker.invokeTestMethods(TestMethodWorker.java:126)
	at org.testng.internal.TestMethodWorker.run(TestMethodWorker.java:109)
	at org.testng.TestRunner.privateRun(TestRunner.java:744)
	at org.testng.TestRunner.run(TestRunner.java:602)
	at org.testng.SuiteRunner.runTest(SuiteRunner.java:380)
	at org.testng.SuiteRunner.runSequentially(SuiteRunner.java:375)
	at org.testng.SuiteRunner.privateRun(SuiteRunner.java:340)
	at org.testng.SuiteRunner.run(SuiteRunner.java:289)
	at org.testng.SuiteRunnerWorker.runSuite(SuiteRunnerWorker.java:52)
	at org.testng.SuiteRunnerWorker.run(SuiteRunnerWorker.java:86)
	at org.testng.TestNG.runSuitesSequentially(TestNG.java:1301)
	at org.testng.TestNG.runSuitesLocally(TestNG.java:1226)
	at org.testng.TestNG.runSuites(TestNG.java:1144)
	at org.testng.TestNG.run(TestNG.java:1115)
	at org.apache.maven.surefire.testng.TestNGExecutor.run(TestNGExecutor.java:295)
	at org.apache.maven.surefire.testng.TestNGXmlTestSuite.execute(TestNGXmlTestSuite.java:84)
	at org.apache.maven.surefire.testng.TestNGProvider.invoke(TestNGProvider.java:90)
	at org.apache.maven.surefire.booter.ForkedBooter.invokeProviderInSameClassLoader(ForkedBooter.java:203)
	at org.apache.maven.surefire.booter.ForkedBooter.runSuitesInProcess(ForkedBooter.java:155)
	at org.apache.maven.surefire.booter.ForkedBooter.main(ForkedBooter.java:103)
</pre></div></td>
<td>0</td>
<td>tests.TestRegisterPage@6fadae5d</td></tr>
</table><p>
<table width='100%' border='1' class='invocation-passed'>
<tr><td colspan='4' align='center'><b>PASSED TESTS</b></td></tr>
<tr><td><b>Test method</b></td>
<td width="30%"><b>Exception</b></td>
<td width="10%"><b>Time (seconds)</b></td>
<td><b>Instance</b></td>
</tr>
<tr>
<td title='tests.TestRegisterPage.testConfirmPasswordFieldWithValidPasswordAndDifferentConfirmPassword()'><b>testConfirmPasswordFieldWithValidPasswordAndDifferentConfirmPassword</b><br>Test class: tests.TestRegisterPage</td>
<td></td>
<td>2</td>
<td>tests.TestRegisterPage@6fadae5d</td></tr>
<tr>
<td title='tests.TestRegisterPage.testConfirmPasswordFieldWithValidPasswordAndSameConfirmPassword()'><b>testConfirmPasswordFieldWithValidPasswordAndSameConfirmPassword</b><br>Test class: tests.TestRegisterPage</td>
<td></td>
<td>2</td>
<td>tests.TestRegisterPage@6fadae5d</td></tr>
<tr>
<td title='tests.TestRegisterPage.testDateOfBirthWithEmptyCredential()'><b>testDateOfBirthWithEmptyCredential</b><br>Test class: tests.TestRegisterPage</td>
<td></td>
<td>0</td>
<td>tests.TestRegisterPage@6fadae5d</td></tr>
<tr>
<td title='tests.TestRegisterPage.testEmailFieldWithEmptyEmail()'><b>testEmailFieldWithEmptyEmail</b><br>Test class: tests.TestRegisterPage</td>
<td></td>
<td>3</td>
<td>tests.TestRegisterPage@6fadae5d</td></tr>
<tr>
<td title='tests.TestRegisterPage.testEmailFieldWithInValidEmailId()'><b>testEmailFieldWithInValidEmailId</b><br>Test class: tests.TestRegisterPage</td>
<td></td>
<td>2</td>
<td>tests.TestRegisterPage@6fadae5d</td></tr>
<tr>
<td title='tests.TestRegisterPage.testEmailFieldWithValidEmailID()'><b>testEmailFieldWithValidEmailID</b><br>Test class: tests.TestRegisterPage</td>
<td></td>
<td>2</td>
<td>tests.TestRegisterPage@6fadae5d</td></tr>
<tr>
<td title='tests.TestRegisterPage.testFirstNameWithEmptyField()'><b>testFirstNameWithEmptyField</b><br>Test class: tests.TestRegisterPage</td>
<td></td>
<td>2</td>
<td>tests.TestRegisterPage@6fadae5d</td></tr>
<tr>
<td title='tests.TestRegisterPage.testFirstNameWithNumericData()'><b>testFirstNameWithNumericData</b><br>Test class: tests.TestRegisterPage</td>
<td></td>
<td>1</td>
<td>tests.TestRegisterPage@6fadae5d</td></tr>
<tr>
<td title='tests.TestRegisterPage.testFirstNameWithOneChar()'><b>testFirstNameWithOneChar</b><br>Test class: tests.TestRegisterPage</td>
<td></td>
<td>0</td>
<td>tests.TestRegisterPage@6fadae5d</td></tr>
<tr>
<td title='tests.TestRegisterPage.testFirstNameWithThirtyChar()'><b>testFirstNameWithThirtyChar</b><br>Test class: tests.TestRegisterPage</td>
<td></td>
<td>0</td>
<td>tests.TestRegisterPage@6fadae5d</td></tr>
<tr>
<td title='tests.TestRegisterPage.testFirstNameWithThirtyOneChar()'><b>testFirstNameWithThirtyOneChar</b><br>Test class: tests.TestRegisterPage</td>
<td></td>
<td>1</td>
<td>tests.TestRegisterPage@6fadae5d</td></tr>
<tr>
<td title='tests.TestRegisterPage.testFirstNameWithTwoChar()'><b>testFirstNameWithTwoChar</b><br>Test class: tests.TestRegisterPage</td>
<td></td>
<td>1</td>
<td>tests.TestRegisterPage@6fadae5d</td></tr>
<tr>
<td title='tests.TestRegisterPage.testGenderWithRandomOption()'><b>testGenderWithRandomOption</b><br>Test class: tests.TestRegisterPage</td>
<td></td>
<td>0</td>
<td>tests.TestRegisterPage@6fadae5d</td></tr>
<tr>
<td title='tests.TestRegisterPage.testGenderWithoutSelectedOption()'><b>testGenderWithoutSelectedOption</b><br>Test class: tests.TestRegisterPage</td>
<td></td>
<td>1</td>
<td>tests.TestRegisterPage@6fadae5d</td></tr>
<tr>
<td title='tests.TestRegisterPage.testLastNameWithEmptyField()'><b>testLastNameWithEmptyField</b><br>Test class: tests.TestRegisterPage</td>
<td></td>
<td>0</td>
<td>tests.TestRegisterPage@6fadae5d</td></tr>
<tr>
<td title='tests.TestRegisterPage.testLastNameWithNumericData()'><b>testLastNameWithNumericData</b><br>Test class: tests.TestRegisterPage</td>
<td></td>
<td>0</td>
<td>tests.TestRegisterPage@6fadae5d</td></tr>
<tr>
<td title='tests.TestRegisterPage.testLastNameWithOneChar()'><b>testLastNameWithOneChar</b><br>Test class: tests.TestRegisterPage</td>
<td></td>
<td>0</td>
<td>tests.TestRegisterPage@6fadae5d</td></tr>
<tr>
<td title='tests.TestRegisterPage.testLastNameWithThirtyChar()'><b>testLastNameWithThirtyChar</b><br>Test class: tests.TestRegisterPage</td>
<td></td>
<td>0</td>
<td>tests.TestRegisterPage@6fadae5d</td></tr>
<tr>
<td title='tests.TestRegisterPage.testLastNameWithThirtyOneChar()'><b>testLastNameWithThirtyOneChar</b><br>Test class: tests.TestRegisterPage</td>
<td></td>
<td>0</td>
<td>tests.TestRegisterPage@6fadae5d</td></tr>
<tr>
<td title='tests.TestRegisterPage.testLastNameWithTwoChar()'><b>testLastNameWithTwoChar</b><br>Test class: tests.TestRegisterPage</td>
<td></td>
<td>0</td>
<td>tests.TestRegisterPage@6fadae5d</td></tr>
<tr>
<td title='tests.TestRegisterPage.testPasswordFieldWithEmptyPassword()'><b>testPasswordFieldWithEmptyPassword</b><br>Test class: tests.TestRegisterPage</td>
<td></td>
<td>1</td>
<td>tests.TestRegisterPage@6fadae5d</td></tr>
<tr>
<td title='tests.TestRegisterPage.testPasswordFieldWithFiveCharacter()'><b>testPasswordFieldWithFiveCharacter</b><br>Test class: tests.TestRegisterPage</td>
<td></td>
<td>1</td>
<td>tests.TestRegisterPage@6fadae5d</td></tr>
<tr>
<td title='tests.TestRegisterPage.testPasswordFieldWithNumberAndCharacter()'><b>testPasswordFieldWithNumberAndCharacter</b><br>Test class: tests.TestRegisterPage</td>
<td></td>
<td>0</td>
<td>tests.TestRegisterPage@6fadae5d</td></tr>
<tr>
<td title='tests.TestRegisterPage.testPasswordFieldWithSixCharacter()'><b>testPasswordFieldWithSixCharacter</b><br>Test class: tests.TestRegisterPage</td>
<td></td>
<td>0</td>
<td>tests.TestRegisterPage@6fadae5d</td></tr>
<tr>
<td title='tests.TestRegisterPage.testPasswordFieldWithTwentyCharacter()'><b>testPasswordFieldWithTwentyCharacter</b><br>Test class: tests.TestRegisterPage</td>
<td></td>
<td>0</td>
<td>tests.TestRegisterPage@6fadae5d</td></tr>
<tr>
<td title='tests.TestRegisterPage.testPasswordFieldWithTwentyOneCharacter()'><b>testPasswordFieldWithTwentyOneCharacter</b><br>Test class: tests.TestRegisterPage</td>
<td></td>
<td>0</td>
<td>tests.TestRegisterPage@6fadae5d</td></tr>
<tr>
<td title='tests.TestRegisterPage.testPhoneNumberWithCharacter()'><b>testPhoneNumberWithCharacter</b><br>Test class: tests.TestRegisterPage</td>
<td></td>
<td>0</td>
<td>tests.TestRegisterPage@6fadae5d</td></tr>
<tr>
<td title='tests.TestRegisterPage.testPhoneNumberWithEmptyDigitNumber()'><b>testPhoneNumberWithEmptyDigitNumber</b><br>Test class: tests.TestRegisterPage</td>
<td></td>
<td>0</td>
<td>tests.TestRegisterPage@6fadae5d</td></tr>
<tr>
<td title='tests.TestRegisterPage.testPhoneNumberWithOneDigitNumber()'><b>testPhoneNumberWithOneDigitNumber</b><br>Test class: tests.TestRegisterPage</td>
<td></td>
<td>0</td>
<td>tests.TestRegisterPage@6fadae5d</td></tr>
<tr>
<td title='tests.TestRegisterPage.testPhoneNumberWithValidSixteenDigitNumber()'><b>testPhoneNumberWithValidSixteenDigitNumber</b><br>Test class: tests.TestRegisterPage</td>
<td></td>
<td>1</td>
<td>tests.TestRegisterPage@6fadae5d</td></tr>
<tr>
<td title='tests.TestRegisterPage.testUserTypeWithRandomOption()'><b>testUserTypeWithRandomOption</b><br>Test class: tests.TestRegisterPage</td>
<td></td>
<td>0</td>
<td>tests.TestRegisterPage@6fadae5d</td></tr>
<tr>
<td title='tests.TestRegisterPage.testUserTypeWithoutSelectedOption()'><b>testUserTypeWithoutSelectedOption</b><br>Test class: tests.TestRegisterPage</td>
<td></td>
<td>1</td>
<td>tests.TestRegisterPage@6fadae5d</td></tr>
<tr>
<td title='tests.TestSigninPage.testWithEmptyEmailAndEmptyPassword()'><b>testWithEmptyEmailAndEmptyPassword</b><br>Test class: tests.TestSigninPage</td>
<td></td>
<td>1</td>
<td>tests.TestSigninPage@17f6480</td></tr>
<tr>
<td title='tests.TestSigninPage.testWithEmptyEmailAndValidPassword()'><b>testWithEmptyEmailAndValidPassword</b><br>Test class: tests.TestSigninPage</td>
<td></td>
<td>1</td>
<td>tests.TestSigninPage@17f6480</td></tr>
<tr>
<td title='tests.TestSigninPage.testWithInValidEmailAndValidPassword()'><b>testWithInValidEmailAndValidPassword</b><br>Test class: tests.TestSigninPage</td>
<td></td>
<td>1</td>
<td>tests.TestSigninPage@17f6480</td></tr>
<tr>
<td title='tests.TestSigninPage.testWithInvalidEmailAndInValidPassword()'><b>testWithInvalidEmailAndInValidPassword</b><br>Test class: tests.TestSigninPage</td>
<td></td>
<td>0</td>
<td>tests.TestSigninPage@17f6480</td></tr>
<tr>
<td title='tests.TestSigninPage.testWithValidEmailAndEmptyPassword()'><b>testWithValidEmailAndEmptyPassword</b><br>Test class: tests.TestSigninPage</td>
<td></td>
<td>1</td>
<td>tests.TestSigninPage@17f6480</td></tr>
<tr>
<td title='tests.TestSigninPage.testWithValidEmailAndInValidPassword()'><b>testWithValidEmailAndInValidPassword</b><br>Test class: tests.TestSigninPage</td>
<td></td>
<td>1</td>
<td>tests.TestSigninPage@17f6480</td></tr>
<tr>
<td title='tests.TestSigninPage.testWithValidEmailAndValidPassword()'><b>testWithValidEmailAndValidPassword</b><br>Test class: tests.TestSigninPage</td>
<td></td>
<td>3</td>
<td>tests.TestSigninPage@17f6480</td></tr>
</table><p>
</body>
</html>