<?xml version="1.0" encoding="UTF-8"?>
<!-- Generated by org.testng.reporters.JUnitXMLReporter -->
<testsuite hostname="Muhammads-MBP.domain.actdsltmp" ignored="2" name="Regression Test" tests="41" failures="2" timestamp="04 Apr 2017 22:02:18 GMT" time="62.584" errors="0">
  <testcase name="testConfirmPasswordFieldWithValidPasswordAndDifferentConfirmPassword" time="2.411" classname="tests.TestRegisterPage"/>
  <testcase name="testConfirmPasswordFieldWithValidPasswordAndSameConfirmPassword" time="2.685" classname="tests.TestRegisterPage"/>
  <testcase name="testDateOfBirthWithEmptyCredential" time="0.053" classname="tests.TestRegisterPage"/>
  <testcase name="testDateOfBirthWithInvalidCredential" time="0.056" classname="tests.TestRegisterPage">
    <failure type="java.lang.AssertionError" message="expected [*] but found [* DateOfBirth can not be empty.]">
      <![CDATA[java.lang.AssertionError: expected [*] but found [* DateOfBirth can not be empty.]
	at tests.TestRegisterPage.testDateOfBirthWithInvalidCredential(TestRegisterPage.java:198)
... Removed 34 stack frames]]>
    </failure>
  </testcase> <!-- testDateOfBirthWithInvalidCredential -->
  <testcase name="testDateOfBirthWithValidCredential" time="0.055" classname="tests.TestRegisterPage">
    <failure type="java.lang.AssertionError" message="expected [*] but found [* DateOfBirth can not be empty.]">
      <![CDATA[java.lang.AssertionError: expected [*] but found [* DateOfBirth can not be empty.]
	at tests.TestRegisterPage.testDateOfBirthWithValidCredential(TestRegisterPage.java:188)
... Removed 34 stack frames]]>
    </failure>
  </testcase> <!-- testDateOfBirthWithValidCredential -->
  <testcase name="testEmailFieldWithEmptyEmail" time="3.326" classname="tests.TestRegisterPage"/>
  <testcase name="testEmailFieldWithInValidEmailId" time="2.734" classname="tests.TestRegisterPage"/>
  <testcase name="testEmailFieldWithValidEmailID" time="2.312" classname="tests.TestRegisterPage"/>
  <testcase name="testFirstNameWithEmptyField" time="2.246" classname="tests.TestRegisterPage"/>
  <testcase name="testFirstNameWithNumericData" time="1.085" classname="tests.TestRegisterPage"/>
  <testcase name="testFirstNameWithOneChar" time="0.953" classname="tests.TestRegisterPage"/>
  <testcase name="testFirstNameWithThirtyChar" time="0.919" classname="tests.TestRegisterPage"/>
  <testcase name="testFirstNameWithThirtyOneChar" time="1.199" classname="tests.TestRegisterPage"/>
  <testcase name="testFirstNameWithTwoChar" time="1.408" classname="tests.TestRegisterPage"/>
  <testcase name="testGenderWithRandomOption" time="0.978" classname="tests.TestRegisterPage"/>
  <testcase name="testGenderWithoutSelectedOption" time="1.907" classname="tests.TestRegisterPage"/>
  <testcase name="testLastNameWithEmptyField" time="0.914" classname="tests.TestRegisterPage"/>
  <testcase name="testLastNameWithNumericData" time="0.947" classname="tests.TestRegisterPage"/>
  <testcase name="testLastNameWithOneChar" time="0.91" classname="tests.TestRegisterPage"/>
  <testcase name="testLastNameWithThirtyChar" time="0.993" classname="tests.TestRegisterPage"/>
  <testcase name="testLastNameWithThirtyOneChar" time="0.91" classname="tests.TestRegisterPage"/>
  <testcase name="testLastNameWithTwoChar" time="0.869" classname="tests.TestRegisterPage"/>
  <testcase name="testPasswordFieldWithEmptyPassword" time="1.008" classname="tests.TestRegisterPage"/>
  <testcase name="testPasswordFieldWithFiveCharacter" time="1.363" classname="tests.TestRegisterPage"/>
  <testcase name="testPasswordFieldWithNumberAndCharacter" time="0.926" classname="tests.TestRegisterPage"/>
  <testcase name="testPasswordFieldWithSixCharacter" time="0.893" classname="tests.TestRegisterPage"/>
  <testcase name="testPasswordFieldWithTwentyCharacter" time="0.927" classname="tests.TestRegisterPage"/>
  <testcase name="testPasswordFieldWithTwentyOneCharacter" time="0.937" classname="tests.TestRegisterPage"/>
  <testcase name="testPhoneNumberWithCharacter" time="0.894" classname="tests.TestRegisterPage"/>
  <testcase name="testPhoneNumberWithEmptyDigitNumber" time="0.88" classname="tests.TestRegisterPage"/>
  <testcase name="testPhoneNumberWithOneDigitNumber" time="0.982" classname="tests.TestRegisterPage"/>
  <testcase name="testPhoneNumberWithValidSixteenDigitNumber" time="1.934" classname="tests.TestRegisterPage"/>
  <testcase name="testUserTypeWithRandomOption" time="0.983" classname="tests.TestRegisterPage"/>
  <testcase name="testUserTypeWithoutSelectedOption" time="1.915" classname="tests.TestRegisterPage"/>
  <testcase name="testWithEmptyEmailAndEmptyPassword" time="1.693" classname="tests.TestSigninPage"/>
  <testcase name="testWithEmptyEmailAndValidPassword" time="1.25" classname="tests.TestSigninPage"/>
  <testcase name="testWithInValidEmailAndValidPassword" time="1.396" classname="tests.TestSigninPage"/>
  <testcase name="testWithInvalidEmailAndInValidPassword" time="0.926" classname="tests.TestSigninPage"/>
  <testcase name="testWithValidEmailAndEmptyPassword" time="1.008" classname="tests.TestSigninPage"/>
  <testcase name="testWithValidEmailAndInValidPassword" time="1.491" classname="tests.TestSigninPage"/>
  <testcase name="testWithValidEmailAndValidPassword" time="3.271" classname="tests.TestSigninPage"/>
  <testcase name="@BeforeSuite setUp" time="0.0" classname="base.TestBase">
    <ignored/>
  </testcase> <!-- @BeforeSuite setUp -->
  <testcase name="@AfterSuite tearDown" time="0.0" classname="base.TestBase">
    <ignored/>
  </testcase> <!-- @AfterSuite tearDown -->
</testsuite> <!-- Regression Test -->
